2017-09-10 19:32:26,708 INFO  [org.jboss.modules] (main) JBoss Modules version 1.5.2.Final
2017-09-10 19:32:29,618 INFO  [org.jboss.msc] (main) JBoss MSC version 1.2.6.Final
2017-09-10 19:32:29,919 INFO  [org.jboss.as] (MSC service thread 1-7) WFLYSRV0049: WildFly Full 10.1.0.Final (WildFly Core 2.2.0.Final) starting
2017-09-10 19:32:29,922 DEBUG [org.jboss.as.config] (MSC service thread 1-7) Configured system properties:
	awt.toolkit = sun.awt.windows.WToolkit
	file.encoding = Cp1252
	file.encoding.pkg = sun.io
	file.separator = \
	java.awt.graphicsenv = sun.awt.Win32GraphicsEnvironment
	java.awt.headless = true
	java.awt.printerjob = sun.awt.windows.WPrinterJob
	java.class.path = C:\Users\LHSJ\GestaoLeitosHJK\kanleitos\wildfly-10.1.0.Final\jboss-modules.jar
	java.class.version = 52.0
	java.endorsed.dirs = C:\Program Files\Java\jre1.8.0_144\lib\endorsed
	java.ext.dirs = C:\Program Files\Java\jre1.8.0_144\lib\ext;C:\WINDOWS\Sun\Java\lib\ext
	java.home = C:\Program Files\Java\jre1.8.0_144
	java.io.tmpdir = C:\Users\LHSJ\AppData\Local\Temp\
	java.library.path = C:\Program Files\Java\jre1.8.0_144\bin;C:\WINDOWS\Sun\Java\bin;C:\WINDOWS\system32;C:\WINDOWS;native;C:/Program Files/Java/jre1.8.0_144/bin/server;C:/Program Files/Java/jre1.8.0_144/bin;C:/Program Files/Java/jre1.8.0_144/lib/amd64;C:\ProgramData\Oracle\Java\javapath;C:\WINDOWS\system32;C:\WINDOWS;C:\WINDOWS\System32\Wbem;C:\WINDOWS\System32\WindowsPowerShell\v1.0\;C:\Program Files\Git\cmd;C:\Program Files\nodejs\;C:\Program Files\Java\jdk1.8.0_144\bin;C:\Users\LHSJ\AppData\Local\Microsoft\WindowsApps;C:\Users\LHSJ\AppData\Roaming\npm;C:\Program Files\Microsoft VS Code\bin;C:\Program Files\eclipse;;.
	java.net.preferIPv4Stack = true
	java.runtime.name = Java(TM) SE Runtime Environment
	java.runtime.version = 1.8.0_144-b01
	java.specification.name = Java Platform API Specification
	java.specification.vendor = Oracle Corporation
	java.specification.version = 1.8
	java.util.logging.manager = org.jboss.logmanager.LogManager
	java.vendor = Oracle Corporation
	java.vendor.url = http://java.oracle.com/
	java.vendor.url.bug = http://bugreport.sun.com/bugreport/
	java.version = 1.8.0_144
	java.vm.info = mixed mode
	java.vm.name = Java HotSpot(TM) 64-Bit Server VM
	java.vm.specification.name = Java Virtual Machine Specification
	java.vm.specification.vendor = Oracle Corporation
	java.vm.specification.version = 1.8
	java.vm.vendor = Oracle Corporation
	java.vm.version = 25.144-b01
	javax.management.builder.initial = org.jboss.as.jmx.PluggableMBeanServerBuilder
	javax.xml.datatype.DatatypeFactory = __redirected.__DatatypeFactory
	javax.xml.parsers.DocumentBuilderFactory = __redirected.__DocumentBuilderFactory
	javax.xml.parsers.SAXParserFactory = __redirected.__SAXParserFactory
	javax.xml.stream.XMLEventFactory = __redirected.__XMLEventFactory
	javax.xml.stream.XMLInputFactory = __redirected.__XMLInputFactory
	javax.xml.stream.XMLOutputFactory = __redirected.__XMLOutputFactory
	javax.xml.transform.TransformerFactory = __redirected.__TransformerFactory
	javax.xml.validation.SchemaFactory:http://www.w3.org/2001/XMLSchema = __redirected.__SchemaFactory
	javax.xml.xpath.XPathFactory:http://java.sun.com/jaxp/xpath/dom = __redirected.__XPathFactory
	jboss.bind.address = localhost
	jboss.bind.address.management = localhost
	jboss.home.dir = C:\Users\LHSJ\GestaoLeitosHJK\kanleitos\wildfly-10.1.0.Final
	jboss.host.name = desktop-6k19rsi
	jboss.modules.dir = C:\Users\LHSJ\GestaoLeitosHJK\kanleitos\wildfly-10.1.0.Final\modules
	jboss.modules.system.pkgs = org.jboss.byteman
	jboss.node.name = desktop-6k19rsi
	jboss.qualified.host.name = desktop-6k19rsi
	jboss.server.base.dir = C:\Users\LHSJ\GestaoLeitosHJK\kanleitos\wildfly-10.1.0.Final\standalone
	jboss.server.config.dir = C:\Users\LHSJ\GestaoLeitosHJK\kanleitos\wildfly-10.1.0.Final\standalone\configuration
	jboss.server.data.dir = C:\Users\LHSJ\GestaoLeitosHJK\kanleitos\wildfly-10.1.0.Final\standalone\data
	jboss.server.deploy.dir = C:\Users\LHSJ\GestaoLeitosHJK\kanleitos\wildfly-10.1.0.Final\standalone\data\content
	jboss.server.log.dir = C:\Users\LHSJ\GestaoLeitosHJK\kanleitos\wildfly-10.1.0.Final\standalone\log
	jboss.server.name = desktop-6k19rsi
	jboss.server.persist.config = true
	jboss.server.temp.dir = C:\Users\LHSJ\GestaoLeitosHJK\kanleitos\wildfly-10.1.0.Final\standalone\tmp
	line.separator = 

	logging.configuration = file:C:\Users\LHSJ\GestaoLeitosHJK\kanleitos\wildfly-10.1.0.Final\standalone\configuration\logging.properties
	module.path = C:\Users\LHSJ\GestaoLeitosHJK\kanleitos\wildfly-10.1.0.Final\modules
	org.jboss.boot.log.file = C:\Users\LHSJ\GestaoLeitosHJK\kanleitos\wildfly-10.1.0.Final\standalone\log\boot.log
	org.jboss.logmanager.nocolor = true
	org.jboss.resolver.warning = true
	org.xml.sax.driver = __redirected.__XMLReaderFactory
	os.arch = amd64
	os.name = Windows 10
	os.version = 10.0
	path.separator = ;
	program.name = JBossTools: WildFly 10.x
	sun.arch.data.model = 64
	sun.boot.class.path = C:\Program Files\Java\jre1.8.0_144\lib\resources.jar;C:\Program Files\Java\jre1.8.0_144\lib\rt.jar;C:\Program Files\Java\jre1.8.0_144\lib\sunrsasign.jar;C:\Program Files\Java\jre1.8.0_144\lib\jsse.jar;C:\Program Files\Java\jre1.8.0_144\lib\jce.jar;C:\Program Files\Java\jre1.8.0_144\lib\charsets.jar;C:\Program Files\Java\jre1.8.0_144\lib\jfr.jar;C:\Program Files\Java\jre1.8.0_144\classes
	sun.boot.library.path = C:\Program Files\Java\jre1.8.0_144\bin
	sun.cpu.endian = little
	sun.cpu.isalist = amd64
	sun.desktop = windows
	sun.io.unicode.encoding = UnicodeLittle
	sun.java.command = org.jboss.modules.Main -mp C:\Users\LHSJ\GestaoLeitosHJK\kanleitos\wildfly-10.1.0.Final\modules org.jboss.as.standalone -b localhost --server-config=standalone.xml -Djboss.server.base.dir=C:\Users\LHSJ\GestaoLeitosHJK\kanleitos\wildfly-10.1.0.Final\standalone
	sun.java.launcher = SUN_STANDARD
	sun.jnu.encoding = Cp1252
	sun.management.compiler = HotSpot 64-Bit Tiered Compilers
	sun.os.patch.level = 
	sun.rmi.dgc.client.gcInterval = 3600000
	sun.rmi.dgc.server.gcInterval = 3600000
	user.country = BR
	user.dir = C:\Users\LHSJ\GestaoLeitosHJK\kanleitos\wildfly-10.1.0.Final\bin
	user.home = C:\Users\LHSJ
	user.language = pt
	user.name = LHSJ
	user.script = 
	user.timezone = America/Sao_Paulo
	user.variant = 
2017-09-10 19:32:29,924 DEBUG [org.jboss.as.config] (MSC service thread 1-7) VM Arguments: -Dprogram.name=JBossTools: WildFly 10.x -Xms64m -Xmx512m -Dorg.jboss.resolver.warning=true -Djava.net.preferIPv4Stack=true -Dsun.rmi.dgc.client.gcInterval=3600000 -Dsun.rmi.dgc.server.gcInterval=3600000 -Djboss.modules.system.pkgs=org.jboss.byteman -Djava.awt.headless=true -Dorg.jboss.boot.log.file=C:\Users\LHSJ\GestaoLeitosHJK\kanleitos\wildfly-10.1.0.Final\standalone\log\boot.log -Dlogging.configuration=file:C:\Users\LHSJ\GestaoLeitosHJK\kanleitos\wildfly-10.1.0.Final\standalone\configuration\logging.properties -Djboss.home.dir=C:\Users\LHSJ\GestaoLeitosHJK\kanleitos\wildfly-10.1.0.Final -Dorg.jboss.logmanager.nocolor=true -Djboss.bind.address.management=localhost -Dfile.encoding=Cp1252 
2017-09-10 19:32:39,570 INFO  [org.jboss.as.server] (Controller Boot Thread) WFLYSRV0039: Creating http management service using socket-binding (management-http)
2017-09-10 19:32:39,663 INFO  [org.xnio] (MSC service thread 1-4) XNIO version 3.4.0.Final
2017-09-10 19:32:39,674 INFO  [org.xnio.nio] (MSC service thread 1-4) XNIO NIO Implementation Version 3.4.0.Final
